
*** Running vivado
    with args -log bd_929b_c_shift_ram_0_0.vds -m64 -product Vivado -mode batch -messageDb vivado.pb -notrace -source bd_929b_c_shift_ram_0_0.tcl


****** Vivado v2017.4 (64-bit)
  **** SW Build 2086221 on Fri Dec 15 20:55:39 MST 2017
  **** IP Build 2085800 on Fri Dec 15 22:25:07 MST 2017
    ** Copyright 1986-2017 Xilinx, Inc. All Rights Reserved.

source bd_929b_c_shift_ram_0_0.tcl -notrace
Command: synth_design -top bd_929b_c_shift_ram_0_0 -part xc7z015clg485-2 -mode out_of_context
Starting synth_design
Attempting to get a license for feature 'Synthesis' and/or device 'xc7z015'
INFO: [Common 17-349] Got license for feature 'Synthesis' and/or device 'xc7z015'
INFO: Launching helper process for spawning children vivado processes
INFO: Helper process launched with PID 8576 
---------------------------------------------------------------------------------
Starting RTL Elaboration : Time (s): cpu = 00:00:06 ; elapsed = 00:00:10 . Memory (MB): peak = 374.609 ; gain = 99.750
---------------------------------------------------------------------------------
INFO: [Synth 8-638] synthesizing module 'bd_929b_c_shift_ram_0_0' [f:/ax7015/linux_base/linux_base.srcs/sources_1/bd/design_1/ip/design_1_axi_ethernet_0_0/bd_0/ip/ip_2/synth/bd_929b_c_shift_ram_0_0.vhd:69]
	Parameter C_XDEVICEFAMILY bound to: zynq - type: string 
	Parameter C_VERBOSITY bound to: 0 - type: integer 
	Parameter C_WIDTH bound to: 1 - type: integer 
	Parameter C_DEPTH bound to: 1 - type: integer 
	Parameter C_ADDR_WIDTH bound to: 4 - type: integer 
	Parameter C_SHIFT_TYPE bound to: 0 - type: integer 
	Parameter C_OPT_GOAL bound to: 0 - type: integer 
	Parameter C_AINIT_VAL bound to: 0 - type: string 
	Parameter C_SINIT_VAL bound to: 0 - type: string 
	Parameter C_DEFAULT_DATA bound to: 0 - type: string 
	Parameter C_HAS_A bound to: 0 - type: integer 
	Parameter C_HAS_CE bound to: 1 - type: integer 
	Parameter C_REG_LAST_BIT bound to: 1 - type: integer 
	Parameter C_SYNC_PRIORITY bound to: 1 - type: integer 
	Parameter C_SYNC_ENABLE bound to: 0 - type: integer 
	Parameter C_HAS_SCLR bound to: 1 - type: integer 
	Parameter C_HAS_SSET bound to: 0 - type: integer 
	Parameter C_HAS_SINIT bound to: 0 - type: integer 
	Parameter C_MEM_INIT_FILE bound to: no_coe_file_loaded - type: string 
	Parameter C_ELABORATION_DIR bound to: ./ - type: string 
	Parameter C_READ_MIF bound to: 0 - type: integer 
	Parameter C_PARSER_TYPE bound to: 0 - type: integer 
INFO: [Synth 8-3491] module 'c_shift_ram_v12_0_11' declared at 'f:/ax7015/linux_base/linux_base.srcs/sources_1/bd/design_1/ipshared/7c1c/hdl/c_shift_ram_v12_0_vh_rfs.vhd:2590' bound to instance 'U0' of component 'c_shift_ram_v12_0_11' [f:/ax7015/linux_base/linux_base.srcs/sources_1/bd/design_1/ip/design_1_axi_ethernet_0_0/bd_0/ip/ip_2/synth/bd_929b_c_shift_ram_0_0.vhd:128]
INFO: [Synth 8-256] done synthesizing module 'bd_929b_c_shift_ram_0_0' (5#1) [f:/ax7015/linux_base/linux_base.srcs/sources_1/bd/design_1/ip/design_1_axi_ethernet_0_0/bd_0/ip/ip_2/synth/bd_929b_c_shift_ram_0_0.vhd:69]
WARNING: [Synth 8-3331] design c_reg_fd_v12_0_4_viv has unconnected port AINIT
WARNING: [Synth 8-3331] design c_reg_fd_v12_0_4_viv has unconnected port ACLR
WARNING: [Synth 8-3331] design c_reg_fd_v12_0_4_viv has unconnected port ASET
WARNING: [Synth 8-3331] design c_reg_fd_v12_0_4_viv has unconnected port SINIT
WARNING: [Synth 8-3331] design c_reg_fd_v12_0_4_viv has unconnected port SSET
WARNING: [Synth 8-3331] design c_shift_ram_v12_0_11_legacy has unconnected port a[3]
WARNING: [Synth 8-3331] design c_shift_ram_v12_0_11_legacy has unconnected port a[2]
WARNING: [Synth 8-3331] design c_shift_ram_v12_0_11_legacy has unconnected port a[1]
WARNING: [Synth 8-3331] design c_shift_ram_v12_0_11_legacy has unconnected port a[0]
---------------------------------------------------------------------------------
Finished RTL Elaboration : Time (s): cpu = 00:00:08 ; elapsed = 00:00:15 . Memory (MB): peak = 432.051 ; gain = 157.191
---------------------------------------------------------------------------------

Report Check Netlist: 
+------+------------------+-------+---------+-------+------------------+
|      |Item              |Errors |Warnings |Status |Description       |
+------+------------------+-------+---------+-------+------------------+
|1     |multi_driven_nets |      0|        0|Passed |Multi driven nets |
+------+------------------+-------+---------+-------+------------------+
---------------------------------------------------------------------------------
Finished RTL Optimization Phase 1 : Time (s): cpu = 00:00:08 ; elapsed = 00:00:15 . Memory (MB): peak = 432.051 ; gain = 157.191
---------------------------------------------------------------------------------
INFO: [Device 21-403] Loading part xc7z015clg485-2
INFO: [Project 1-570] Preparing netlist for logic optimization

Processing XDC Constraints
Initializing timing engine
Parsing XDC File [f:/ax7015/linux_base/linux_base.srcs/sources_1/bd/design_1/ip/design_1_axi_ethernet_0_0/bd_0/ip/ip_2/bd_929b_c_shift_ram_0_0_ooc.xdc] for cell 'U0'
Finished Parsing XDC File [f:/ax7015/linux_base/linux_base.srcs/sources_1/bd/design_1/ip/design_1_axi_ethernet_0_0/bd_0/ip/ip_2/bd_929b_c_shift_ram_0_0_ooc.xdc] for cell 'U0'
Parsing XDC File [F:/ax7015/linux_base/linux_base.runs/bd_929b_c_shift_ram_0_0_synth_1/dont_touch.xdc]
Finished Parsing XDC File [F:/ax7015/linux_base/linux_base.runs/bd_929b_c_shift_ram_0_0_synth_1/dont_touch.xdc]
Completed Processing XDC Constraints

INFO: [Project 1-111] Unisim Transformation Summary:
No Unisim elements were transformed.

Constraint Validation Runtime : Time (s): cpu = 00:00:00 ; elapsed = 00:00:00.015 . Memory (MB): peak = 688.746 ; gain = 0.000
---------------------------------------------------------------------------------
Finished Constraint Validation : Time (s): cpu = 00:00:19 ; elapsed = 00:00:33 . Memory (MB): peak = 688.746 ; gain = 413.887
---------------------------------------------------------------------------------
---------------------------------------------------------------------------------
Start Loading Part and Timing Information
---------------------------------------------------------------------------------
Loading part: xc7z015clg485-2
---------------------------------------------------------------------------------
Finished Loading Part and Timing Information : Time (s): cpu = 00:00:19 ; elapsed = 00:00:33 . Memory (MB): peak = 688.746 ; gain = 413.887
---------------------------------------------------------------------------------
---------------------------------------------------------------------------------
Start Applying 'set_property' XDC Constraints
---------------------------------------------------------------------------------
Applied set_property DONT_TOUCH = true for U0. (constraint file  F:/ax7015/linux_base/linux_base.runs/bd_929b_c_shift_ram_0_0_synth_1/dont_touch.xdc, line 6).
---------------------------------------------------------------------------------
Finished applying 'set_property' XDC Constraints : Time (s): cpu = 00:00:19 ; elapsed = 00:00:34 . Memory (MB): peak = 688.746 ; gain = 413.887
---------------------------------------------------------------------------------
---------------------------------------------------------------------------------
Finished RTL Optimization Phase 2 : Time (s): cpu = 00:00:19 ; elapsed = 00:00:34 . Memory (MB): peak = 688.746 ; gain = 413.887
---------------------------------------------------------------------------------

Report RTL Partitions: 
+-+--------------+------------+----------+
| |RTL Partition |Replication |Instances |
+-+--------------+------------+----------+
+-+--------------+------------+----------+
---------------------------------------------------------------------------------
Start RTL Component Statistics 
---------------------------------------------------------------------------------
---------------------------------------------------------------------------------
Finished RTL Component Statistics 
---------------------------------------------------------------------------------
---------------------------------------------------------------------------------
Start RTL Hierarchical Component Statistics 
---------------------------------------------------------------------------------
---------------------------------------------------------------------------------
Finished RTL Hierarchical Component Statistics
---------------------------------------------------------------------------------
---------------------------------------------------------------------------------
Start Part Resource Summary
---------------------------------------------------------------------------------
Part Resources:
DSPs: 160 (col length:60)
BRAMs: 190 (col length: RAMB18 60 RAMB36 30)
---------------------------------------------------------------------------------
Finished Part Resource Summary
---------------------------------------------------------------------------------
---------------------------------------------------------------------------------
Start Cross Boundary and Area Optimization
---------------------------------------------------------------------------------
WARNING: [Synth 8-3331] design c_shift_ram_v12_0_11_legacy has unconnected port a[3]
WARNING: [Synth 8-3331] design c_shift_ram_v12_0_11_legacy has unconnected port a[2]
WARNING: [Synth 8-3331] design c_shift_ram_v12_0_11_legacy has unconnected port a[1]
WARNING: [Synth 8-3331] design c_shift_ram_v12_0_11_legacy has unconnected port a[0]
WARNING: [Synth 8-3331] design c_shift_ram_v12_0_11_legacy has unconnected port aclr
WARNING: [Synth 8-3331] design c_shift_ram_v12_0_11_legacy has unconnected port aset
WARNING: [Synth 8-3331] design c_shift_ram_v12_0_11_legacy has unconnected port ainit
WARNING: [Synth 8-3331] design c_shift_ram_v12_0_11_legacy has unconnected port sset
WARNING: [Synth 8-3331] design c_shift_ram_v12_0_11_legacy has unconnected port sinit
---------------------------------------------------------------------------------
Finished Cross Boundary and Area Optimization : Time (s): cpu = 00:00:20 ; elapsed = 00:00:35 . Memory (MB): peak = 688.746 ; gain = 413.887
---------------------------------------------------------------------------------

Report RTL Partitions: 
+-+--------------+------------+----------+
| |RTL Partition |Replication |Instances |
+-+--------------+------------+----------+
+-+--------------+------------+----------+
---------------------------------------------------------------------------------
Start Applying XDC Timing Constraints
---------------------------------------------------------------------------------
---------------------------------------------------------------------------------
Finished Applying XDC Timing Constraints : Time (s): cpu = 00:00:30 ; elapsed = 00:00:47 . Memory (MB): peak = 765.957 ; gain = 491.098
---------------------------------------------------------------------------------
---------------------------------------------------------------------------------
Start Timing Optimization
---------------------------------------------------------------------------------
---------------------------------------------------------------------------------
Finished Timing Optimization : Time (s): cpu = 00:00:30 ; elapsed = 00:00:47 . Memory (MB): peak = 765.957 ; gain = 491.098
---------------------------------------------------------------------------------

Report RTL Partitions: 
+-+--------------+------------+----------+
| |RTL Partition |Replication |Instances |
+-+--------------+------------+----------+
+-+--------------+------------+----------+
---------------------------------------------------------------------------------
Start Technology Mapping
---------------------------------------------------------------------------------
---------------------------------------------------------------------------------
Finished Technology Mapping : Time (s): cpu = 00:00:30 ; elapsed = 00:00:48 . Memory (MB): peak = 785.578 ; gain = 510.719
---------------------------------------------------------------------------------

Report RTL Partitions: 
+-+--------------+------------+----------+
| |RTL Partition |Replication |Instances |
+-+--------------+------------+----------+
+-+--------------+------------+----------+
---------------------------------------------------------------------------------
Start IO Insertion
---------------------------------------------------------------------------------
---------------------------------------------------------------------------------
Start Flattening Before IO Insertion
---------------------------------------------------------------------------------
---------------------------------------------------------------------------------
Finished Flattening Before IO Insertion
---------------------------------------------------------------------------------
---------------------------------------------------------------------------------
Start Final Netlist Cleanup
---------------------------------------------------------------------------------
---------------------------------------------------------------------------------
Finished Final Netlist Cleanup
---------------------------------------------------------------------------------
---------------------------------------------------------------------------------
Finished IO Insertion : Time (s): cpu = 00:00:31 ; elapsed = 00:00:49 . Memory (MB): peak = 785.578 ; gain = 510.719
---------------------------------------------------------------------------------

Report Check Netlist: 
+------+------------------+-------+---------+-------+------------------+
|      |Item              |Errors |Warnings |Status |Description       |
+------+------------------+-------+---------+-------+------------------+
|1     |multi_driven_nets |      0|        0|Passed |Multi driven nets |
+------+------------------+-------+---------+-------+------------------+
---------------------------------------------------------------------------------
Start Renaming Generated Instances
---------------------------------------------------------------------------------
---------------------------------------------------------------------------------
Finished Renaming Generated Instances : Time (s): cpu = 00:00:31 ; elapsed = 00:00:49 . Memory (MB): peak = 785.578 ; gain = 510.719
---------------------------------------------------------------------------------

Report RTL Partitions: 
+-+--------------+------------+----------+
| |RTL Partition |Replication |Instances |
+-+--------------+------------+----------+
+-+--------------+------------+----------+
---------------------------------------------------------------------------------
Start Rebuilding User Hierarchy
---------------------------------------------------------------------------------
---------------------------------------------------------------------------------
Finished Rebuilding User Hierarchy : Time (s): cpu = 00:00:31 ; elapsed = 00:00:49 . Memory (MB): peak = 785.578 ; gain = 510.719
---------------------------------------------------------------------------------
---------------------------------------------------------------------------------
Start Renaming Generated Ports
---------------------------------------------------------------------------------
---------------------------------------------------------------------------------
Finished Renaming Generated Ports : Time (s): cpu = 00:00:31 ; elapsed = 00:00:49 . Memory (MB): peak = 785.578 ; gain = 510.719
---------------------------------------------------------------------------------
---------------------------------------------------------------------------------
Start Handling Custom Attributes
---------------------------------------------------------------------------------
---------------------------------------------------------------------------------
Finished Handling Custom Attributes : Time (s): cpu = 00:00:31 ; elapsed = 00:00:49 . Memory (MB): peak = 785.578 ; gain = 510.719
---------------------------------------------------------------------------------
---------------------------------------------------------------------------------
Start Renaming Generated Nets
---------------------------------------------------------------------------------
---------------------------------------------------------------------------------
Finished Renaming Generated Nets : Time (s): cpu = 00:00:31 ; elapsed = 00:00:49 . Memory (MB): peak = 785.578 ; gain = 510.719
---------------------------------------------------------------------------------
---------------------------------------------------------------------------------
Start Writing Synthesis Report
---------------------------------------------------------------------------------

Report BlackBoxes: 
+-+--------------+----------+
| |BlackBox name |Instances |
+-+--------------+----------+
+-+--------------+----------+

Report Cell Usage: 
+------+-----+------+
|      |Cell |Count |
+------+-----+------+
|1     |LUT4 |     1|
|2     |FDRE |     1|
+------+-----+------+
---------------------------------------------------------------------------------
Finished Writing Synthesis Report : Time (s): cpu = 00:00:31 ; elapsed = 00:00:49 . Memory (MB): peak = 785.578 ; gain = 510.719
---------------------------------------------------------------------------------
Synthesis finished with 0 errors, 0 critical warnings and 9 warnings.
Synthesis Optimization Runtime : Time (s): cpu = 00:00:17 ; elapsed = 00:00:37 . Memory (MB): peak = 785.578 ; gain = 254.023
Synthesis Optimization Complete : Time (s): cpu = 00:00:31 ; elapsed = 00:00:49 . Memory (MB): peak = 785.578 ; gain = 510.719
INFO: [Project 1-571] Translating synthesized netlist
INFO: [Project 1-570] Preparing netlist for logic optimization
INFO: [Opt 31-138] Pushed 0 inverter(s) to 0 load pin(s).
INFO: [Project 1-111] Unisim Transformation Summary:
No Unisim elements were transformed.

INFO: [Common 17-83] Releasing license: Synthesis
12 Infos, 18 Warnings, 0 Critical Warnings and 0 Errors encountered.
synth_design completed successfully
synth_design: Time (s): cpu = 00:00:33 ; elapsed = 00:00:52 . Memory (MB): peak = 786.715 ; gain = 523.512
INFO: [Common 17-1381] The checkpoint 'F:/ax7015/linux_base/linux_base.runs/bd_929b_c_shift_ram_0_0_synth_1/bd_929b_c_shift_ram_0_0.dcp' has been generated.
