#-----------------------------------------------------------
# Vivado v2017.4 (64-bit)
# SW Build 2086221 on Fri Dec 15 20:55:39 MST 2017
# IP Build 2085800 on Fri Dec 15 22:25:07 MST 2017
# Start of session at: Wed Sep 19 14:53:12 2018
# Process ID: 4728
# Current directory: F:/ax7020/2017/course_s1/11_linux_base
# Command line: vivado.exe -gui_launcher_event rodinguilauncherevent8880 F:\ax7020\2017\course_s1\11_linux_base\linux_base.xpr
# Log file: F:/ax7020/2017/course_s1/11_linux_base/vivado.log
# Journal file: F:/ax7020/2017/course_s1/11_linux_base\vivado.jou
#-----------------------------------------------------------
start_gui
open_project F:/ax7020/2017/course_s1/11_linux_base/linux_base.xpr
Scanning sources...
Finished scanning sources
INFO: [IP_Flow 19-234] Refreshing IP repositories
INFO: [IP_Flow 19-1700] Loaded user IP repository 'f:/ax7020/2017/course_s1/11_linux_base/repo'.
INFO: [IP_Flow 19-2313] Loaded Vivado IP repository 'C:/Xilinx/Vivado/2017.4/data/ip'.
open_project: Time (s): cpu = 00:00:21 ; elapsed = 00:00:20 . Memory (MB): peak = 888.559 ; gain = 198.555
update_compile_order -fileset sources_1
exit
INFO: [Common 17-206] Exiting Vivado at Wed Sep 19 15:12:13 2018...
