#-----------------------------------------------------------
# Vivado v2017.4 (64-bit)
# SW Build 2086221 on Fri Dec 15 20:55:39 MST 2017
# IP Build 2085800 on Fri Dec 15 22:25:07 MST 2017
# Start of session at: Thu Sep 20 13:17:04 2018
# Process ID: 9384
# Current directory: F:/ax7020/2017/course_s1/11_linux_base
# Command line: vivado.exe -gui_launcher_event rodinguilauncherevent9084 F:\ax7020\2017\course_s1\11_linux_base\linux_base.xpr
# Log file: F:/ax7020/2017/course_s1/11_linux_base/vivado.log
# Journal file: F:/ax7020/2017/course_s1/11_linux_base\vivado.jou
#-----------------------------------------------------------
start_gui
open_project F:/ax7020/2017/course_s1/11_linux_base/linux_base.xpr
Scanning sources...
Finished scanning sources
INFO: [IP_Flow 19-234] Refreshing IP repositories
INFO: [IP_Flow 19-1700] Loaded user IP repository 'f:/ax7020/2017/course_s1/11_linux_base/repo'.
INFO: [IP_Flow 19-2313] Loaded Vivado IP repository 'C:/Xilinx/Vivado/2017.4/data/ip'.
open_project: Time (s): cpu = 00:00:20 ; elapsed = 00:00:21 . Memory (MB): peak = 881.152 ; gain = 180.590
update_compile_order -fileset sources_1
open_bd_design {F:/ax7020/2017/course_s1/11_linux_base/linux_base.srcs/sources_1/bd/design_1/design_1.bd}
Adding cell -- digilentinc.com:ip:axi_dynclk:1.0 - axi_dynclk_0
Adding cell -- xilinx.com:ip:axi_gpio:2.0 - axi_gpio_btn
Adding cell -- xilinx.com:ip:axi_gpio:2.0 - axi_gpio_led
Adding cell -- xilinx.com:ip:axi_vdma:6.3 - axi_vdma_0
Adding cell -- xilinx.com:ip:processing_system7:5.5 - processing_system7_0
Adding cell -- xilinx.com:ip:proc_sys_reset:5.0 - rst_processing_system7_0_100M
Adding cell -- xilinx.com:ip:proc_sys_reset:5.0 - rst_processing_system7_0_150M
Adding cell -- xilinx.com:ip:v_axi4s_vid_out:4.0 - v_axi4s_vid_out_0
Adding cell -- xilinx.com:ip:v_tc:6.1 - v_tc_0
Adding cell -- xilinx.com:ip:xlconcat:2.1 - xlconcat_0
Adding cell -- xilinx.com:ip:smartconnect:1.0 - axi_smc
Adding cell -- digilentinc.com:ip:rgb2dvi:1.3 - rgb2dvi_0
WARNING: [BD 41-1731] Type mismatch between connected pins: /axi_dynclk_0/LOCKED_O(undef) and /rgb2dvi_0/aRst_n(rst)
Adding cell -- xilinx.com:ip:axi_crossbar:2.1 - xbar
Adding cell -- xilinx.com:ip:axi_protocol_converter:2.1 - auto_pc
Successfully read diagram <design_1> from BD file <F:/ax7020/2017/course_s1/11_linux_base/linux_base.srcs/sources_1/bd/design_1/design_1.bd>
open_bd_design: Time (s): cpu = 00:00:09 ; elapsed = 00:00:08 . Memory (MB): peak = 981.516 ; gain = 92.613
launch_sdk -workspace F:/ax7020/2017/course_s1/11_linux_base/linux_base.sdk -hwspec F:/ax7020/2017/course_s1/11_linux_base/linux_base.sdk/design_1_wrapper.hdf
INFO: [Vivado 12-393] Launching SDK...
INFO: [Vivado 12-417] Running xsdk -workspace F:/ax7020/2017/course_s1/11_linux_base/linux_base.sdk -hwspec F:/ax7020/2017/course_s1/11_linux_base/linux_base.sdk/design_1_wrapper.hdf
INFO: [Vivado 12-3157] SDK launch initiated. Please check console for any further messages.
exit
INFO: [Common 17-206] Exiting Vivado at Thu Sep 20 19:38:41 2018...
